<?xml version="1.0" encoding="UTF-8"?>
<testsuite xmlns:xsi="http://www.w3.org/2001/XMLSchema-instance" xsi:noNamespaceSchemaLocation="https://maven.apache.org/surefire/maven-surefire-plugin/xsd/surefire-test-report.xsd" name="com.yanwu.springbootswagger2.SpringbootSwagger2ApplicationTests" time="5.824" tests="1" errors="0" skipped="0" failures="0">
  <properties>
    <property name="sun.desktop" value="windows"/>
    <property name="awt.toolkit" value="sun.awt.windows.WToolkit"/>
    <property name="file.encoding.pkg" value="sun.io"/>
    <property name="java.specification.version" value="1.8"/>
    <property name="sun.cpu.isalist" value="amd64"/>
    <property name="sun.jnu.encoding" value="GBK"/>
    <property name="java.class.path" value="C:\Users\W1579\IDEA\SpringAll\SpringBoot\springboot-swagger2\target\test-classes;C:\Users\W1579\IDEA\SpringAll\SpringBoot\springboot-swagger2\target\classes;C:\Users\W1579\eclipse\Mve_Repo\org\springframework\boot\spring-boot-starter-web\2.2.2.RELEASE\spring-boot-starter-web-2.2.2.RELEASE.jar;C:\Users\W1579\eclipse\Mve_Repo\org\springframework\boot\spring-boot-starter\2.2.2.RELEASE\spring-boot-starter-2.2.2.RELEASE.jar;C:\Users\W1579\eclipse\Mve_Repo\org\springframework\boot\spring-boot\2.2.2.RELEASE\spring-boot-2.2.2.RELEASE.jar;C:\Users\W1579\eclipse\Mve_Repo\org\springframework\boot\spring-boot-autoconfigure\2.2.2.RELEASE\spring-boot-autoconfigure-2.2.2.RELEASE.jar;C:\Users\W1579\eclipse\Mve_Repo\org\springframework\boot\spring-boot-starter-logging\2.2.2.RELEASE\spring-boot-starter-logging-2.2.2.RELEASE.jar;C:\Users\W1579\eclipse\Mve_Repo\ch\qos\logback\logback-classic\1.2.3\logback-classic-1.2.3.jar;C:\Users\W1579\eclipse\Mve_Repo\ch\qos\logback\logback-core\1.2.3\logback-core-1.2.3.jar;C:\Users\W1579\eclipse\Mve_Repo\org\apache\logging\log4j\log4j-to-slf4j\2.12.1\log4j-to-slf4j-2.12.1.jar;C:\Users\W1579\eclipse\Mve_Repo\org\apache\logging\log4j\log4j-api\2.12.1\log4j-api-2.12.1.jar;C:\Users\W1579\eclipse\Mve_Repo\org\slf4j\jul-to-slf4j\1.7.29\jul-to-slf4j-1.7.29.jar;C:\Users\W1579\eclipse\Mve_Repo\jakarta\annotation\jakarta.annotation-api\1.3.5\jakarta.annotation-api-1.3.5.jar;C:\Users\W1579\eclipse\Mve_Repo\org\yaml\snakeyaml\1.25\snakeyaml-1.25.jar;C:\Users\W1579\eclipse\Mve_Repo\org\springframework\boot\spring-boot-starter-json\2.2.2.RELEASE\spring-boot-starter-json-2.2.2.RELEASE.jar;C:\Users\W1579\eclipse\Mve_Repo\com\fasterxml\jackson\core\jackson-databind\2.10.1\jackson-databind-2.10.1.jar;C:\Users\W1579\eclipse\Mve_Repo\com\fasterxml\jackson\core\jackson-core\2.10.1\jackson-core-2.10.1.jar;C:\Users\W1579\eclipse\Mve_Repo\com\fasterxml\jackson\datatype\jackson-datatype-jdk8\2.10.1\jackson-datatype-jdk8-2.10.1.jar;C:\Users\W1579\eclipse\Mve_Repo\com\fasterxml\jackson\datatype\jackson-datatype-jsr310\2.10.1\jackson-datatype-jsr310-2.10.1.jar;C:\Users\W1579\eclipse\Mve_Repo\com\fasterxml\jackson\module\jackson-module-parameter-names\2.10.1\jackson-module-parameter-names-2.10.1.jar;C:\Users\W1579\eclipse\Mve_Repo\org\springframework\boot\spring-boot-starter-tomcat\2.2.2.RELEASE\spring-boot-starter-tomcat-2.2.2.RELEASE.jar;C:\Users\W1579\eclipse\Mve_Repo\org\apache\tomcat\embed\tomcat-embed-core\9.0.29\tomcat-embed-core-9.0.29.jar;C:\Users\W1579\eclipse\Mve_Repo\org\apache\tomcat\embed\tomcat-embed-el\9.0.29\tomcat-embed-el-9.0.29.jar;C:\Users\W1579\eclipse\Mve_Repo\org\apache\tomcat\embed\tomcat-embed-websocket\9.0.29\tomcat-embed-websocket-9.0.29.jar;C:\Users\W1579\eclipse\Mve_Repo\org\springframework\boot\spring-boot-starter-validation\2.2.2.RELEASE\spring-boot-starter-validation-2.2.2.RELEASE.jar;C:\Users\W1579\eclipse\Mve_Repo\jakarta\validation\jakarta.validation-api\2.0.1\jakarta.validation-api-2.0.1.jar;C:\Users\W1579\eclipse\Mve_Repo\org\hibernate\validator\hibernate-validator\6.0.18.Final\hibernate-validator-6.0.18.Final.jar;C:\Users\W1579\eclipse\Mve_Repo\org\jboss\logging\jboss-logging\3.4.1.Final\jboss-logging-3.4.1.Final.jar;C:\Users\W1579\eclipse\Mve_Repo\org\springframework\spring-web\5.2.2.RELEASE\spring-web-5.2.2.RELEASE.jar;C:\Users\W1579\eclipse\Mve_Repo\org\springframework\spring-beans\5.2.2.RELEASE\spring-beans-5.2.2.RELEASE.jar;C:\Users\W1579\eclipse\Mve_Repo\org\springframework\spring-webmvc\5.2.2.RELEASE\spring-webmvc-5.2.2.RELEASE.jar;C:\Users\W1579\eclipse\Mve_Repo\org\springframework\spring-aop\5.2.2.RELEASE\spring-aop-5.2.2.RELEASE.jar;C:\Users\W1579\eclipse\Mve_Repo\org\springframework\spring-context\5.2.2.RELEASE\spring-context-5.2.2.RELEASE.jar;C:\Users\W1579\eclipse\Mve_Repo\org\springframework\spring-expression\5.2.2.RELEASE\spring-expression-5.2.2.RELEASE.jar;C:\Users\W1579\eclipse\Mve_Repo\io\springfox\springfox-swagger2\2.9.0\springfox-swagger2-2.9.0.jar;C:\Users\W1579\eclipse\Mve_Repo\io\swagger\swagger-annotations\1.5.18\swagger-annotations-1.5.18.jar;C:\Users\W1579\eclipse\Mve_Repo\io\swagger\swagger-models\1.5.18\swagger-models-1.5.18.jar;C:\Users\W1579\eclipse\Mve_Repo\com\fasterxml\jackson\core\jackson-annotations\2.10.1\jackson-annotations-2.10.1.jar;C:\Users\W1579\eclipse\Mve_Repo\io\springfox\springfox-spi\2.9.0\springfox-spi-2.9.0.jar;C:\Users\W1579\eclipse\Mve_Repo\io\springfox\springfox-core\2.9.0\springfox-core-2.9.0.jar;C:\Users\W1579\eclipse\Mve_Repo\io\springfox\springfox-schema\2.9.0\springfox-schema-2.9.0.jar;C:\Users\W1579\eclipse\Mve_Repo\io\springfox\springfox-swagger-common\2.9.0\springfox-swagger-common-2.9.0.jar;C:\Users\W1579\eclipse\Mve_Repo\io\springfox\springfox-spring-web\2.9.0\springfox-spring-web-2.9.0.jar;C:\Users\W1579\eclipse\Mve_Repo\com\google\guava\guava\20.0\guava-20.0.jar;C:\Users\W1579\eclipse\Mve_Repo\com\fasterxml\classmate\1.5.1\classmate-1.5.1.jar;C:\Users\W1579\eclipse\Mve_Repo\org\slf4j\slf4j-api\1.7.29\slf4j-api-1.7.29.jar;C:\Users\W1579\eclipse\Mve_Repo\org\springframework\plugin\spring-plugin-core\1.2.0.RELEASE\spring-plugin-core-1.2.0.RELEASE.jar;C:\Users\W1579\eclipse\Mve_Repo\org\springframework\plugin\spring-plugin-metadata\1.2.0.RELEASE\spring-plugin-metadata-1.2.0.RELEASE.jar;C:\Users\W1579\eclipse\Mve_Repo\org\mapstruct\mapstruct\1.2.0.Final\mapstruct-1.2.0.Final.jar;C:\Users\W1579\eclipse\Mve_Repo\io\springfox\springfox-swagger-ui\2.9.0\springfox-swagger-ui-2.9.0.jar;C:\Users\W1579\eclipse\Mve_Repo\org\springframework\boot\spring-boot-starter-test\2.2.2.RELEASE\spring-boot-starter-test-2.2.2.RELEASE.jar;C:\Users\W1579\eclipse\Mve_Repo\org\springframework\boot\spring-boot-test\2.2.2.RELEASE\spring-boot-test-2.2.2.RELEASE.jar;C:\Users\W1579\eclipse\Mve_Repo\org\springframework\boot\spring-boot-test-autoconfigure\2.2.2.RELEASE\spring-boot-test-autoconfigure-2.2.2.RELEASE.jar;C:\Users\W1579\eclipse\Mve_Repo\com\jayway\jsonpath\json-path\2.4.0\json-path-2.4.0.jar;C:\Users\W1579\eclipse\Mve_Repo\net\minidev\json-smart\2.3\json-smart-2.3.jar;C:\Users\W1579\eclipse\Mve_Repo\net\minidev\accessors-smart\1.2\accessors-smart-1.2.jar;C:\Users\W1579\eclipse\Mve_Repo\org\ow2\asm\asm\5.0.4\asm-5.0.4.jar;C:\Users\W1579\eclipse\Mve_Repo\jakarta\xml\bind\jakarta.xml.bind-api\2.3.2\jakarta.xml.bind-api-2.3.2.jar;C:\Users\W1579\eclipse\Mve_Repo\jakarta\activation\jakarta.activation-api\1.2.1\jakarta.activation-api-1.2.1.jar;C:\Users\W1579\eclipse\Mve_Repo\org\junit\jupiter\junit-jupiter\5.5.2\junit-jupiter-5.5.2.jar;C:\Users\W1579\eclipse\Mve_Repo\org\junit\jupiter\junit-jupiter-api\5.5.2\junit-jupiter-api-5.5.2.jar;C:\Users\W1579\eclipse\Mve_Repo\org\apiguardian\apiguardian-api\1.1.0\apiguardian-api-1.1.0.jar;C:\Users\W1579\eclipse\Mve_Repo\org\opentest4j\opentest4j\1.2.0\opentest4j-1.2.0.jar;C:\Users\W1579\eclipse\Mve_Repo\org\junit\platform\junit-platform-commons\1.5.2\junit-platform-commons-1.5.2.jar;C:\Users\W1579\eclipse\Mve_Repo\org\junit\jupiter\junit-jupiter-params\5.5.2\junit-jupiter-params-5.5.2.jar;C:\Users\W1579\eclipse\Mve_Repo\org\junit\jupiter\junit-jupiter-engine\5.5.2\junit-jupiter-engine-5.5.2.jar;C:\Users\W1579\eclipse\Mve_Repo\org\junit\platform\junit-platform-engine\1.5.2\junit-platform-engine-1.5.2.jar;C:\Users\W1579\eclipse\Mve_Repo\org\mockito\mockito-junit-jupiter\3.1.0\mockito-junit-jupiter-3.1.0.jar;C:\Users\W1579\eclipse\Mve_Repo\org\assertj\assertj-core\3.13.2\assertj-core-3.13.2.jar;C:\Users\W1579\eclipse\Mve_Repo\org\hamcrest\hamcrest\2.1\hamcrest-2.1.jar;C:\Users\W1579\eclipse\Mve_Repo\org\mockito\mockito-core\3.1.0\mockito-core-3.1.0.jar;C:\Users\W1579\eclipse\Mve_Repo\net\bytebuddy\byte-buddy\1.10.4\byte-buddy-1.10.4.jar;C:\Users\W1579\eclipse\Mve_Repo\net\bytebuddy\byte-buddy-agent\1.10.4\byte-buddy-agent-1.10.4.jar;C:\Users\W1579\eclipse\Mve_Repo\org\objenesis\objenesis\2.6\objenesis-2.6.jar;C:\Users\W1579\eclipse\Mve_Repo\org\skyscreamer\jsonassert\1.5.0\jsonassert-1.5.0.jar;C:\Users\W1579\eclipse\Mve_Repo\com\vaadin\external\google\android-json\0.0.20131108.vaadin1\android-json-0.0.20131108.vaadin1.jar;C:\Users\W1579\eclipse\Mve_Repo\org\springframework\spring-core\5.2.2.RELEASE\spring-core-5.2.2.RELEASE.jar;C:\Users\W1579\eclipse\Mve_Repo\org\springframework\spring-jcl\5.2.2.RELEASE\spring-jcl-5.2.2.RELEASE.jar;C:\Users\W1579\eclipse\Mve_Repo\org\springframework\spring-test\5.2.2.RELEASE\spring-test-5.2.2.RELEASE.jar;C:\Users\W1579\eclipse\Mve_Repo\org\xmlunit\xmlunit-core\2.6.3\xmlunit-core-2.6.3.jar;"/>
    <property name="java.vm.vendor" value="Oracle Corporation"/>
    <property name="sun.arch.data.model" value="64"/>
    <property name="user.variant" value=""/>
    <property name="java.vendor.url" value="http://java.oracle.com/"/>
    <property name="user.timezone" value="Asia/Shanghai"/>
    <property name="java.vm.specification.version" value="1.8"/>
    <property name="os.name" value="Windows 10"/>
    <property name="user.country" value="CN"/>
    <property name="sun.java.launcher" value="SUN_STANDARD"/>
    <property name="sun.boot.library.path" value="C:\Program Files\Java\jdk1.8.0_171\jre\bin"/>
    <property name="sun.java.command" value="C:\Users\W1579\AppData\Local\Temp\surefire8880408652992019090\surefirebooter3898048150489067316.jar C:\Users\W1579\AppData\Local\Temp\surefire8880408652992019090 2019-12-07T16-45-37_229-jvmRun1 surefire8271747605261937395tmp surefire_05705471002530365300tmp"/>
    <property name="surefire.test.class.path" value="C:\Users\W1579\IDEA\SpringAll\SpringBoot\springboot-swagger2\target\test-classes;C:\Users\W1579\IDEA\SpringAll\SpringBoot\springboot-swagger2\target\classes;C:\Users\W1579\eclipse\Mve_Repo\org\springframework\boot\spring-boot-starter-web\2.2.2.RELEASE\spring-boot-starter-web-2.2.2.RELEASE.jar;C:\Users\W1579\eclipse\Mve_Repo\org\springframework\boot\spring-boot-starter\2.2.2.RELEASE\spring-boot-starter-2.2.2.RELEASE.jar;C:\Users\W1579\eclipse\Mve_Repo\org\springframework\boot\spring-boot\2.2.2.RELEASE\spring-boot-2.2.2.RELEASE.jar;C:\Users\W1579\eclipse\Mve_Repo\org\springframework\boot\spring-boot-autoconfigure\2.2.2.RELEASE\spring-boot-autoconfigure-2.2.2.RELEASE.jar;C:\Users\W1579\eclipse\Mve_Repo\org\springframework\boot\spring-boot-starter-logging\2.2.2.RELEASE\spring-boot-starter-logging-2.2.2.RELEASE.jar;C:\Users\W1579\eclipse\Mve_Repo\ch\qos\logback\logback-classic\1.2.3\logback-classic-1.2.3.jar;C:\Users\W1579\eclipse\Mve_Repo\ch\qos\logback\logback-core\1.2.3\logback-core-1.2.3.jar;C:\Users\W1579\eclipse\Mve_Repo\org\apache\logging\log4j\log4j-to-slf4j\2.12.1\log4j-to-slf4j-2.12.1.jar;C:\Users\W1579\eclipse\Mve_Repo\org\apache\logging\log4j\log4j-api\2.12.1\log4j-api-2.12.1.jar;C:\Users\W1579\eclipse\Mve_Repo\org\slf4j\jul-to-slf4j\1.7.29\jul-to-slf4j-1.7.29.jar;C:\Users\W1579\eclipse\Mve_Repo\jakarta\annotation\jakarta.annotation-api\1.3.5\jakarta.annotation-api-1.3.5.jar;C:\Users\W1579\eclipse\Mve_Repo\org\yaml\snakeyaml\1.25\snakeyaml-1.25.jar;C:\Users\W1579\eclipse\Mve_Repo\org\springframework\boot\spring-boot-starter-json\2.2.2.RELEASE\spring-boot-starter-json-2.2.2.RELEASE.jar;C:\Users\W1579\eclipse\Mve_Repo\com\fasterxml\jackson\core\jackson-databind\2.10.1\jackson-databind-2.10.1.jar;C:\Users\W1579\eclipse\Mve_Repo\com\fasterxml\jackson\core\jackson-core\2.10.1\jackson-core-2.10.1.jar;C:\Users\W1579\eclipse\Mve_Repo\com\fasterxml\jackson\datatype\jackson-datatype-jdk8\2.10.1\jackson-datatype-jdk8-2.10.1.jar;C:\Users\W1579\eclipse\Mve_Repo\com\fasterxml\jackson\datatype\jackson-datatype-jsr310\2.10.1\jackson-datatype-jsr310-2.10.1.jar;C:\Users\W1579\eclipse\Mve_Repo\com\fasterxml\jackson\module\jackson-module-parameter-names\2.10.1\jackson-module-parameter-names-2.10.1.jar;C:\Users\W1579\eclipse\Mve_Repo\org\springframework\boot\spring-boot-starter-tomcat\2.2.2.RELEASE\spring-boot-starter-tomcat-2.2.2.RELEASE.jar;C:\Users\W1579\eclipse\Mve_Repo\org\apache\tomcat\embed\tomcat-embed-core\9.0.29\tomcat-embed-core-9.0.29.jar;C:\Users\W1579\eclipse\Mve_Repo\org\apache\tomcat\embed\tomcat-embed-el\9.0.29\tomcat-embed-el-9.0.29.jar;C:\Users\W1579\eclipse\Mve_Repo\org\apache\tomcat\embed\tomcat-embed-websocket\9.0.29\tomcat-embed-websocket-9.0.29.jar;C:\Users\W1579\eclipse\Mve_Repo\org\springframework\boot\spring-boot-starter-validation\2.2.2.RELEASE\spring-boot-starter-validation-2.2.2.RELEASE.jar;C:\Users\W1579\eclipse\Mve_Repo\jakarta\validation\jakarta.validation-api\2.0.1\jakarta.validation-api-2.0.1.jar;C:\Users\W1579\eclipse\Mve_Repo\org\hibernate\validator\hibernate-validator\6.0.18.Final\hibernate-validator-6.0.18.Final.jar;C:\Users\W1579\eclipse\Mve_Repo\org\jboss\logging\jboss-logging\3.4.1.Final\jboss-logging-3.4.1.Final.jar;C:\Users\W1579\eclipse\Mve_Repo\org\springframework\spring-web\5.2.2.RELEASE\spring-web-5.2.2.RELEASE.jar;C:\Users\W1579\eclipse\Mve_Repo\org\springframework\spring-beans\5.2.2.RELEASE\spring-beans-5.2.2.RELEASE.jar;C:\Users\W1579\eclipse\Mve_Repo\org\springframework\spring-webmvc\5.2.2.RELEASE\spring-webmvc-5.2.2.RELEASE.jar;C:\Users\W1579\eclipse\Mve_Repo\org\springframework\spring-aop\5.2.2.RELEASE\spring-aop-5.2.2.RELEASE.jar;C:\Users\W1579\eclipse\Mve_Repo\org\springframework\spring-context\5.2.2.RELEASE\spring-context-5.2.2.RELEASE.jar;C:\Users\W1579\eclipse\Mve_Repo\org\springframework\spring-expression\5.2.2.RELEASE\spring-expression-5.2.2.RELEASE.jar;C:\Users\W1579\eclipse\Mve_Repo\io\springfox\springfox-swagger2\2.9.0\springfox-swagger2-2.9.0.jar;C:\Users\W1579\eclipse\Mve_Repo\io\swagger\swagger-annotations\1.5.18\swagger-annotations-1.5.18.jar;C:\Users\W1579\eclipse\Mve_Repo\io\swagger\swagger-models\1.5.18\swagger-models-1.5.18.jar;C:\Users\W1579\eclipse\Mve_Repo\com\fasterxml\jackson\core\jackson-annotations\2.10.1\jackson-annotations-2.10.1.jar;C:\Users\W1579\eclipse\Mve_Repo\io\springfox\springfox-spi\2.9.0\springfox-spi-2.9.0.jar;C:\Users\W1579\eclipse\Mve_Repo\io\springfox\springfox-core\2.9.0\springfox-core-2.9.0.jar;C:\Users\W1579\eclipse\Mve_Repo\io\springfox\springfox-schema\2.9.0\springfox-schema-2.9.0.jar;C:\Users\W1579\eclipse\Mve_Repo\io\springfox\springfox-swagger-common\2.9.0\springfox-swagger-common-2.9.0.jar;C:\Users\W1579\eclipse\Mve_Repo\io\springfox\springfox-spring-web\2.9.0\springfox-spring-web-2.9.0.jar;C:\Users\W1579\eclipse\Mve_Repo\com\google\guava\guava\20.0\guava-20.0.jar;C:\Users\W1579\eclipse\Mve_Repo\com\fasterxml\classmate\1.5.1\classmate-1.5.1.jar;C:\Users\W1579\eclipse\Mve_Repo\org\slf4j\slf4j-api\1.7.29\slf4j-api-1.7.29.jar;C:\Users\W1579\eclipse\Mve_Repo\org\springframework\plugin\spring-plugin-core\1.2.0.RELEASE\spring-plugin-core-1.2.0.RELEASE.jar;C:\Users\W1579\eclipse\Mve_Repo\org\springframework\plugin\spring-plugin-metadata\1.2.0.RELEASE\spring-plugin-metadata-1.2.0.RELEASE.jar;C:\Users\W1579\eclipse\Mve_Repo\org\mapstruct\mapstruct\1.2.0.Final\mapstruct-1.2.0.Final.jar;C:\Users\W1579\eclipse\Mve_Repo\io\springfox\springfox-swagger-ui\2.9.0\springfox-swagger-ui-2.9.0.jar;C:\Users\W1579\eclipse\Mve_Repo\org\springframework\boot\spring-boot-starter-test\2.2.2.RELEASE\spring-boot-starter-test-2.2.2.RELEASE.jar;C:\Users\W1579\eclipse\Mve_Repo\org\springframework\boot\spring-boot-test\2.2.2.RELEASE\spring-boot-test-2.2.2.RELEASE.jar;C:\Users\W1579\eclipse\Mve_Repo\org\springframework\boot\spring-boot-test-autoconfigure\2.2.2.RELEASE\spring-boot-test-autoconfigure-2.2.2.RELEASE.jar;C:\Users\W1579\eclipse\Mve_Repo\com\jayway\jsonpath\json-path\2.4.0\json-path-2.4.0.jar;C:\Users\W1579\eclipse\Mve_Repo\net\minidev\json-smart\2.3\json-smart-2.3.jar;C:\Users\W1579\eclipse\Mve_Repo\net\minidev\accessors-smart\1.2\accessors-smart-1.2.jar;C:\Users\W1579\eclipse\Mve_Repo\org\ow2\asm\asm\5.0.4\asm-5.0.4.jar;C:\Users\W1579\eclipse\Mve_Repo\jakarta\xml\bind\jakarta.xml.bind-api\2.3.2\jakarta.xml.bind-api-2.3.2.jar;C:\Users\W1579\eclipse\Mve_Repo\jakarta\activation\jakarta.activation-api\1.2.1\jakarta.activation-api-1.2.1.jar;C:\Users\W1579\eclipse\Mve_Repo\org\junit\jupiter\junit-jupiter\5.5.2\junit-jupiter-5.5.2.jar;C:\Users\W1579\eclipse\Mve_Repo\org\junit\jupiter\junit-jupiter-api\5.5.2\junit-jupiter-api-5.5.2.jar;C:\Users\W1579\eclipse\Mve_Repo\org\apiguardian\apiguardian-api\1.1.0\apiguardian-api-1.1.0.jar;C:\Users\W1579\eclipse\Mve_Repo\org\opentest4j\opentest4j\1.2.0\opentest4j-1.2.0.jar;C:\Users\W1579\eclipse\Mve_Repo\org\junit\platform\junit-platform-commons\1.5.2\junit-platform-commons-1.5.2.jar;C:\Users\W1579\eclipse\Mve_Repo\org\junit\jupiter\junit-jupiter-params\5.5.2\junit-jupiter-params-5.5.2.jar;C:\Users\W1579\eclipse\Mve_Repo\org\junit\jupiter\junit-jupiter-engine\5.5.2\junit-jupiter-engine-5.5.2.jar;C:\Users\W1579\eclipse\Mve_Repo\org\junit\platform\junit-platform-engine\1.5.2\junit-platform-engine-1.5.2.jar;C:\Users\W1579\eclipse\Mve_Repo\org\mockito\mockito-junit-jupiter\3.1.0\mockito-junit-jupiter-3.1.0.jar;C:\Users\W1579\eclipse\Mve_Repo\org\assertj\assertj-core\3.13.2\assertj-core-3.13.2.jar;C:\Users\W1579\eclipse\Mve_Repo\org\hamcrest\hamcrest\2.1\hamcrest-2.1.jar;C:\Users\W1579\eclipse\Mve_Repo\org\mockito\mockito-core\3.1.0\mockito-core-3.1.0.jar;C:\Users\W1579\eclipse\Mve_Repo\net\bytebuddy\byte-buddy\1.10.4\byte-buddy-1.10.4.jar;C:\Users\W1579\eclipse\Mve_Repo\net\bytebuddy\byte-buddy-agent\1.10.4\byte-buddy-agent-1.10.4.jar;C:\Users\W1579\eclipse\Mve_Repo\org\objenesis\objenesis\2.6\objenesis-2.6.jar;C:\Users\W1579\eclipse\Mve_Repo\org\skyscreamer\jsonassert\1.5.0\jsonassert-1.5.0.jar;C:\Users\W1579\eclipse\Mve_Repo\com\vaadin\external\google\android-json\0.0.20131108.vaadin1\android-json-0.0.20131108.vaadin1.jar;C:\Users\W1579\eclipse\Mve_Repo\org\springframework\spring-core\5.2.2.RELEASE\spring-core-5.2.2.RELEASE.jar;C:\Users\W1579\eclipse\Mve_Repo\org\springframework\spring-jcl\5.2.2.RELEASE\spring-jcl-5.2.2.RELEASE.jar;C:\Users\W1579\eclipse\Mve_Repo\org\springframework\spring-test\5.2.2.RELEASE\spring-test-5.2.2.RELEASE.jar;C:\Users\W1579\eclipse\Mve_Repo\org\xmlunit\xmlunit-core\2.6.3\xmlunit-core-2.6.3.jar;"/>
    <property name="sun.cpu.endian" value="little"/>
    <property name="user.home" value="C:\Users\W1579"/>
    <property name="user.language" value="zh"/>
    <property name="java.specification.vendor" value="Oracle Corporation"/>
    <property name="java.home" value="C:\Program Files\Java\jdk1.8.0_171\jre"/>
    <property name="basedir" value="C:\Users\W1579\IDEA\SpringAll\SpringBoot\springboot-swagger2"/>
    <property name="file.separator" value="\"/>
    <property name="line.separator" value="&#10;"/>
    <property name="java.vm.specification.vendor" value="Oracle Corporation"/>
    <property name="java.specification.name" value="Java Platform API Specification"/>
    <property name="java.awt.graphicsenv" value="sun.awt.Win32GraphicsEnvironment"/>
    <property name="surefire.real.class.path" value="C:\Users\W1579\AppData\Local\Temp\surefire8880408652992019090\surefirebooter3898048150489067316.jar"/>
    <property name="sun.boot.class.path" value="C:\Program Files\Java\jdk1.8.0_171\jre\lib\resources.jar;C:\Program Files\Java\jdk1.8.0_171\jre\lib\rt.jar;C:\Program Files\Java\jdk1.8.0_171\jre\lib\sunrsasign.jar;C:\Program Files\Java\jdk1.8.0_171\jre\lib\jsse.jar;C:\Program Files\Java\jdk1.8.0_171\jre\lib\jce.jar;C:\Program Files\Java\jdk1.8.0_171\jre\lib\charsets.jar;C:\Program Files\Java\jdk1.8.0_171\jre\lib\jfr.jar;C:\Program Files\Java\jdk1.8.0_171\jre\classes"/>
    <property name="user.script" value=""/>
    <property name="sun.management.compiler" value="HotSpot 64-Bit Tiered Compilers"/>
    <property name="java.runtime.version" value="1.8.0_171-b11"/>
    <property name="user.name" value="W1579"/>
    <property name="path.separator" value=";"/>
    <property name="os.version" value="10.0"/>
    <property name="java.endorsed.dirs" value="C:\Program Files\Java\jdk1.8.0_171\jre\lib\endorsed"/>
    <property name="java.runtime.name" value="Java(TM) SE Runtime Environment"/>
    <property name="file.encoding" value="GBK"/>
    <property name="java.vm.name" value="Java HotSpot(TM) 64-Bit Server VM"/>
    <property name="localRepository" value="C:\Users\W1579\eclipse\Mve_Repo"/>
    <property name="java.vendor.url.bug" value="http://bugreport.sun.com/bugreport/"/>
    <property name="java.io.tmpdir" value="C:\Users\W1579\AppData\Local\Temp\"/>
    <property name="idea.version" value="2018.1.8"/>
    <property name="java.version" value="1.8.0_171"/>
    <property name="user.dir" value="C:\Users\W1579\IDEA\SpringAll\SpringBoot\springboot-swagger2"/>
    <property name="os.arch" value="amd64"/>
    <property name="java.vm.specification.name" value="Java Virtual Machine Specification"/>
    <property name="java.awt.printerjob" value="sun.awt.windows.WPrinterJob"/>
    <property name="sun.os.patch.level" value=""/>
    <property name="java.library.path" value="C:\Program Files\Java\jdk1.8.0_171\jre\bin;C:\WINDOWS\Sun\Java\bin;C:\WINDOWS\system32;C:\WINDOWS;C:\Apps\;C:\oracle\ora90\bin;C:\Program Files (x86)\Common Files\Oracle\Java\javapath;C:\Program Files (x86)\Intel\iCLS Client\;C:\Program Files\Intel\iCLS Client\;C:\WINDOWS\system32;C:\WINDOWS;C:\WINDOWS\System32\Wbem;C:\WINDOWS\System32\WindowsPowerShell\v1.0\;C:\Program Files (x86)\Intel\Intel(R) Management Engine Components\DAL;C:\Program Files\Intel\Intel(R) Management Engine Components\DAL;C:\Program Files (x86)\Intel\Intel(R) Management Engine Components\IPT;C:\Program Files\Intel\Intel(R) Management Engine Components\IPT;C:\Program Files\Java\jdk1.8.0_171\bin;C:\Program Files\Java\jdk1.8.0_171\jre\bin;C:\WINDOWS\System32\OpenSSH\;D:\python;D:\python\Scripts;C:\Users\W1579\eclipse\apache-maven-3.6.2\bin;C:\Program Files\Intel\WiFi\bin\;C:\Program Files\Common Files\Intel\WirelessCommon\;D:\App\bin;C:\Program Files\Git\cmd;D:\python\Scripts\;D:\python\;C:\Users\W1579\AppData\Local\Microsoft\WindowsApps;C:\Program Files\Bandizip\;."/>
    <property name="java.vm.info" value="mixed mode"/>
    <property name="java.vendor" value="Oracle Corporation"/>
    <property name="java.vm.version" value="25.171-b11"/>
    <property name="java.ext.dirs" value="C:\Program Files\Java\jdk1.8.0_171\jre\lib\ext;C:\WINDOWS\Sun\Java\lib\ext"/>
    <property name="sun.io.unicode.encoding" value="UnicodeLittle"/>
    <property name="java.class.version" value="52.0"/>
  </properties>
  <testcase name="contextLoads" classname="com.yanwu.springbootswagger2.SpringbootSwagger2ApplicationTests" time="0.331"/>
</testsuite>